3.84 4.84 现在眼前所看到的大片森林
6.72 7.72 你能联想到这就是印象里的黄土高原吗
10.56 11.56 在黄土高原地区
12.48 13.48 如今已经逐渐覆盖了大片的绿色植壁
16.32 17.32 以及茂密的山地森林
19.2 20.2 大家印象里土地贫瘠漫天风沙的黄土高原
24.0 25.0 在经过几代人的智理之后
25.92 26.92 如今有了怎样的变化呢
28.8 29.8 大家好我杀心阿辛黛你环球地理探索世界
30.72 31.72 没有地
44.16 45.16 通常我们所说的黄土高原
46.08 47.08 一般都是指狭义上的原生黄土区
49.92 50.92 大致范围在长城以南秦岭以北
52.8 53.8 太行山以西日月山以动
55.68 56.68 总面积约有三十万平方公里
58.56 59.56 而广义上的黄土高原
60.48 61.48 则包括了次生黄土区的河套平原
63.36 64.36 以及荒漠化的鄂尔多斯高原
69.12 70.12 黄土高原整体地势西北高东南地
72.96 73.96 以六盘山和吕梁山为界
74.88 75.88 可分为东东西三个不同部分
78.72 79.72 六盘山以西的黄土高原
80.64 81.64 海拔在两千到三千米之间
83.52 84.52 六盘山与吕梁山中间的黄土高原主体部分
88.32 89.32 海拔折降到了一千到两千米左右
91.2 92.2 而吕梁山以东的山西部分
94.08 95.08 虽然仍以黄土为主
96.96 97.96 但地势已经下降为五百到一千米之间
100.8 101.8 而且地貌特点
102.72 103.72 已经变成了以盆地为主的河谷冲击平原
106.56 107.56 作为黄土高原的主体部分
109.44 110.44 位于六盘山与吕梁山之间的陕北地区
113.28 114.28 则是水土流失最为严重的核心地带
116.16 117.16 同样也是生态环境最为恶劣的风沙地区
120.96 121.96 卫星地图下的黄土高原
122.88 123.88 看起来依然是一片茫茫的黄色大地
126.72 127.72 毫无胜机
127.68 128.68 但当我们视角下降到地面的时候
131.52 132.52 就会猛然地发现
132.48 133.48 其实这里
133.44 134.44 早已经是另外的一种绿色景象
139.2 140.2 这片沟壑众横山坡林立的黄土地区
143.04 144.04 由于受到风杀侵蚀
144.96 145.96 水流侵蚀的作用
146.88 147.88 而形成了不同形态的丘岭地貌特征
150.72 151.72 这些枝离破碎的地表山头
153.6 154.6 与谷底相对高差多在一百五十米到两百米之间
158.4 159.4 除了一些河谷有少量平蔽之外
162.24 163.24 一些较大的山梁之上
163.2 164.2 也会存有很多平坦的农耕地区
168.96 169.96 前的黄土高原郁郁葱葱绿色满地
172.8 173.8 山坡上的植被也是形成了大片的茂密树林
177.6 178.6 似乎这样的景象已经颠覆了黄土高原
180.48 181.48 在大家心中的原始形象
189.12 190.12 陕北地区包含了榆林以及延安两个市区范围
194.88 195.88 我们看到的这片黄色的土地
197.76 198.76 就是大家经常听到的毛肃沙地
200.64 201.64 其实毛素沙地面积很广阔
204.48 205.48 约有四万平方公里
206.4 207.4 一九五九年以来
208.32 209.32 我国大力兴建防风林代
210.24 211.24 开展了改造沙漠的巨大工程
213.12 214.12 到目前为止已有
216.0 217.0 八十的毛素沙地得到了治理
218.88 219.88 而且水土流失的现象也在日趋消失
222.72 223.72 陕西境内的毛素沙地更是达到了
224.64 225.64 九十以上的控制率
231.36 232.36 靠近沙漠化地带的榆连是
233.28 234.28 延安地区的高原植被更显得日益茂盛
237.12 238.12 遍地的山头几乎已经被绿色浸染
240.96 241.96 昔日的裸裸入黄土如今早已消失殆尽
245.76 246.76 能有这般的绿色奇迹
248.64 249.64 这都是几代人用心血和青春换来的
252.48 253.48 面对风沙漫天的恶劣环境
255.36 256.36 他们义无反顾的投身到当年的绿色防护林建设之中
264.0 265.0 靠近关中盆地的这块绿色深林
266.88 267.88 是黄土高原之中最为重要的防护体系
271.68 272.68 就像人体的两个废一样
273.6 274.6 为这片地区提供着新鲜的空气和绿色的保障
278.4 279.4 虽然这一片森林不是现在才有的
281.28 282.28 但在近代发展过程中
283.2 284.2 也遭到了乱砍滥法的严重破坏
287.04 288.04 好在近年来不断地退耕还联人工植树
290.88 291.88 才得以使这片森林更加茂密
291.84 292.84 更加地充满生机
297.6 298.6 水青山才是金山野山
300.48 301.48 如今的黄土高原正在不断地绿化之中
304.32 305.32 虽然从卫星毒上看到的是一片黄色土地
308.16 309.16 但实际上已经是漫山的绿色
312.0 313.0 不相信去过这里旅行的人
313.92 314.92 应该能感受到这其中的巨大变化
317.76 318.76 保护环境人人有责
320.64 321.64 只要每一个人都能努力一点
323.52 324.52 我们的祖国就一定会变得更加富强
325.44 326.44 更加的美丽
331.2 332.2 陶了捕十
332.16 333.16 今天我们就简单分享到这里喜欢就关注一下
334.08 335.08 我们下期再见
