การจำหน่ายสินค้าและบริการ
หรือเพื่อให้ประชาชนเห็นคล้อยตาม
หรือปฏิบัติในทางที่ผู้เขียนโฆษณาประสงค์ไว้ครับ
งานเขียนโฆษณาถูกสร้างสรรค์ขึ้นมา
โดยมีวัตถุประสงค์๓ประเภทคือ
๑การเขียนโฆษณาเพื่อให้ความรู้ความเข้าใจ
คือการให้ความรู้ความเข้าใจเกี่ยวกับสินค้าและบริการ
เกี่ยวกับประเภทของสินค้าและบริการ
เกี่ยวกับความสำคัญของสินค้าและบริการ
โดยเฉพาะสินค้าที่มีความสำคัญต่อการดำรงชีวิตของมนุษย์
เกี่ยวกับประโยชน์ของสินค้าและบริการ
เกี่ยวกับแนวคิดของสินค้าและบริการ
โดยการใช้ชื่อโฆษณาแบบใหม่การใช้ความคิดสร้างสรรค์
ตลอดจนการทำให้ผู้บริโภคได้มีส่วนร่วมในการโฆษณา
เกี่ยวกับกระบวนการผลิตสินค้านับตั้งแต่เริ่มต้นจนสำเร็จ
วัตถุประสงค์ที่๒ของการสร้างสรรค์งานเขียนโฆษณา
คือการเขียนโฆษณาเพื่อให้ข่าวสาร
ที่เป็นการให้ข้อมูลเกี่ยวกับสภาพเหตุการณ์ของการตลาด
เป็นการให้ข้อมูลทางด้านการลงทุนเพื่อให้ผู้บริโภคเ
เกิดความมั่นใจในสินค้าและบริการ
เพื่อให้ผู้บริโภคมีโอกาสพิจารณาเลือกซื้อ
เป็นการใช้ข้อมูลด้านราคา
เพื่อให้ผู้บริโภคเกิดความสนใจ
และนำไปสู่การซื้อสินค้าและบริการ
เป็นการให้ข้อมูลเกี่ยวกับการขาย
วัตถุประสงค์ข้อสุดท้าย
ของการสร้างสรรค์งานเขียนโฆษณาคือ
การเขียนโฆษณาเพื่อชักจูงใจ
โดยต้องการสร้างแรงจูงใจด้านต่างๆ
ให้เกิดกับผู้บริโภคหรือผู้อ่าน
เช่นจูงใจให้เกิดความสนใจที่จะซื้อสินค้าและบริการ
จูงใจให้เกิดความประทับใจในสินค้าและบริการ
จูงใจให้เกิดความพึงพอใจในสินค้าและบริการเป็นต้น
โฆษณาทุกประเภทมีองค์ประกอบคือ
หรือรายละเอียดเพิ่มเติมจากพาดหัวโฆษณา
และส่วนลงท้ายซึ่งโดยทั่วไปมักประกอบไปด้วย
ทั้งนี้บางชิ้นอาจมีองค์ประกอบเพียงพาดหัวโฆษณา
โดยไม่จำเป็นต้องมีรายละเอียดเพิ่มเติมก็ได้
กลวิธีการนำเสนอโฆษณา
สามารถนำเสนอได้ทั้งส่วนที่เป็นวัจนภาษา
องค์ประกอบของโฆษณาที่เป็นวัจนภาษา
๓ชื่อหรือยี่ห้อสินค้า
ส่วนอวัจนภาษาคือ
ส่วนประกอบของโฆษณาที่ไม่ใช่ตัวอักษร
แต่อาจจะนำเสนอด้วยรูปภาพหรือสัญลักษณ์
แนวทางในการอ่านโฆษณา
ส่วนประกอบที่เป็นวัจนภาษาคือ
จำได้ง่ายออกเสียงสะดวก
มีเอกลักษณ์เฉพาะตัว
ควรใช้ถ้อยคำที่มีความโดดเด่นดึงดูดใจ
สะดุดหูและกระตุ้นความสนใจ
ควรเป็นข้อความสั้นๆที่จดจำง่าย
มีความคล้องจองกับชื่อสินค้า
พิจารณาว่าข้อความเพิ่มเติมสามารถสร้างความเข้าใจเกี่ยวกับภาพนั้นเพียงใด
อาจมีขนาดสั้นหรือยาวตามแต่ละประเภทของสินค้า
แนวทางในการอ่านพิจารณาส่วนที่เป็นอวัจนภาษาคือ
ต้องมีเนื้อหาของภาพสอดคล้องกับเนื้อหา
หรือแก่นของข้อความโฆษณาดึงดูดความสนใจ
ต้องใช้เทคนิคที่ดึงดูดความสนใจ
และเครื่องหมายวรรคตอน
๔ขนาดและตำแหน่งของโฆษณา
โฆษณาขนาดใหญ่เรียกร้องความสนใจได้ดีกว่าโฆษณาขนาดเล็ก
ควรมีความกระจ่างมีเส้นไม่มากนัก
มีวิธีการออกแบบที่แปลกสะดุดตา
สะดวกในการดูและง่ายต่อการจดจำ
และลักษณะของกรอบโฆษณาจะช่วยให้โฆษณามีความโดดเด่นน่าสนใจมากยิ่งขึ้น
เพราะหากไม่อ่านหรือพิจารณาให้ถี่ถ้วนแล้วอาจถูกหลอกลวงได้ครับ
ฉะนั้นในฐานะที่เป็นผู้บริโภค
ด้วยความรอบคอบเพื่อสิทธิประโยชน์ของเราเองนะครับ
